<?xml version="1.0" encoding="UTF-8"?>
<robot generator="Robot 6.1.1 (Python 3.12.0 on win32)" generated="20240219 21:54:21.432" rpa="false" schemaversion="4">
<suite id="s1" name="Settings Category" source="c:\Users\Sprint User\Documents\wekonnek-prod\wekonnek test suite\settings_category.robot">
<test id="s1-t1" name="TC_Settings_Division_Add Category" line="10">
<kw name="Open browser Staging" library="step">
<kw name="Set Selenium Speed" library="SeleniumLibrary">
<arg>0.2</arg>
<doc>Sets the delay that is waited after each Selenium command.</doc>
<status status="PASS" starttime="20240219 21:54:21.659" endtime="20240219 21:54:21.659"/>
</kw>
<status status="PASS" starttime="20240219 21:54:21.658" endtime="20240219 21:54:21.659"/>
</kw>
<kw name="Input Company ID, Email dan password" library="step">
<kw name="Input Text" library="SeleniumLibrary">
<arg>${company_id}</arg>
<arg>${company_id_spv_konnek}</arg>
<doc>Types the given ``text`` into the text field identified by ``locator``.</doc>
<msg timestamp="20240219 21:54:21.659" level="INFO">Typing text 'bcadigitaldemo' into text field 'xpath=/html//div[@id='root']/div/div/div[@class='col']//div[@class='login-wrapper']//form//input[@name='companyId']'.</msg>
<msg timestamp="20240219 21:54:21.659" level="INFO">Cannot capture screenshot because no browser is open.</msg>
<msg timestamp="20240219 21:54:21.659" level="FAIL">No browser is open.</msg>
<status status="FAIL" starttime="20240219 21:54:21.659" endtime="20240219 21:54:21.659"/>
</kw>
<kw name="Input Text" library="SeleniumLibrary">
<arg>${email_konnek}</arg>
<arg>${email_spv_konnek}</arg>
<doc>Types the given ``text`` into the text field identified by ``locator``.</doc>
<status status="NOT RUN" starttime="20240219 21:54:21.659" endtime="20240219 21:54:21.659"/>
</kw>
<kw name="Input Password" library="SeleniumLibrary">
<arg>${password_konnek}</arg>
<arg>${password_spv_konnek}</arg>
<doc>Types the given password into the text field identified by ``locator``.</doc>
<status status="NOT RUN" starttime="20240219 21:54:21.659" endtime="20240219 21:54:21.664"/>
</kw>
<kw name="Click Element" library="SeleniumLibrary">
<arg>xpath=/html//div[@id='root']/div/div/div[@class='col']//div[@class='login-wrapper']//form//i[@role='button']</arg>
<doc>Click the element identified by ``locator``.</doc>
<status status="NOT RUN" starttime="20240219 21:54:21.664" endtime="20240219 21:54:21.664"/>
</kw>
<kw name="Capture Page Screenshot" library="SeleniumLibrary">
<doc>Takes a screenshot of the current page and embeds it into a log file.</doc>
<status status="NOT RUN" starttime="20240219 21:54:21.664" endtime="20240219 21:54:21.665"/>
</kw>
<status status="FAIL" starttime="20240219 21:54:21.659" endtime="20240219 21:54:21.665"/>
</kw>
<kw name="Klik Button Login" library="step">
<status status="NOT RUN" starttime="20240219 21:54:21.665" endtime="20240219 21:54:21.665"/>
</kw>
<kw name="Klik Menu Settings We Konnek" library="step">
<status status="NOT RUN" starttime="20240219 21:54:21.665" endtime="20240219 21:54:21.665"/>
</kw>
<kw name="Klik Menu Category We Konnek" library="step">
<status status="NOT RUN" starttime="20240219 21:54:21.666" endtime="20240219 21:54:21.666"/>
</kw>
<kw name="Klik Button Create New Category We Konnek" library="step">
<status status="NOT RUN" starttime="20240219 21:54:21.666" endtime="20240219 21:54:21.666"/>
</kw>
<kw name="Input Category Name We Konnek" library="step">
<status status="NOT RUN" starttime="20240219 21:54:21.666" endtime="20240219 21:54:21.666"/>
</kw>
<kw name="Input Description Text Category We Konnek" library="step">
<status status="NOT RUN" starttime="20240219 21:54:21.667" endtime="20240219 21:54:21.667"/>
</kw>
<kw name="Klik Button Save Category We Konnek" library="step">
<status status="NOT RUN" starttime="20240219 21:54:21.667" endtime="20240219 21:54:21.667"/>
</kw>
<kw name="Close Browser" library="SeleniumLibrary">
<doc>Closes the current browser.</doc>
<status status="NOT RUN" starttime="20240219 21:54:21.667" endtime="20240219 21:54:21.667"/>
</kw>
<status status="FAIL" starttime="20240219 21:54:21.658" endtime="20240219 21:54:21.667">No browser is open.</status>
</test>
<status status="FAIL" starttime="20240219 21:54:21.437" endtime="20240219 21:54:21.668"/>
</suite>
<statistics>
<total>
<stat pass="0" fail="1" skip="0">All Tests</stat>
</total>
<tag>
</tag>
<suite>
<stat pass="0" fail="1" skip="0" id="s1" name="Settings Category">Settings Category</stat>
</suite>
</statistics>
<errors>
</errors>
</robot>
