<?xml version="1.0" encoding="UTF-8"?>
<robot generator="Robot 6.1.1 (Python 3.12.0 on win32)" generated="20240222 01:54:49.009" rpa="false" schemaversion="4">
<suite id="s1" name="Admin Konnek" source="c:\Users\Sprint User\Documents\wekonnek-prod\WeKonnek Test Suite\admin_konnek.robot">
<test id="s1-t1" name="TC_Settings_Admin Edit Role" line="107">
<kw name="Open browser Staging" library="step">
<kw name="Set Selenium Speed" library="SeleniumLibrary">
<arg>0.2</arg>
<doc>Sets the delay that is waited after each Selenium command.</doc>
<status status="PASS" starttime="20240222 01:54:49.294" endtime="20240222 01:54:49.294"/>
</kw>
<kw name="Open Browser" library="SeleniumLibrary">
<arg>about:blank</arg>
<arg>browser=chrome</arg>
<arg>options=add_argument("--incognito")</arg>
<doc>Opens a new browser instance to the optional ``url``.</doc>
<msg timestamp="20240222 01:54:49.295" level="INFO">Opening browser 'chrome' to base url 'about:blank'.</msg>
<msg timestamp="20240222 01:54:49.890" level="WARN">The chromedriver version (120.0.6099.71) detected in PATH at C:\Users\Sprint User\AppData\Local\Programs\Python\Python312\Scripts\chromedriver.exe might not be compatible with the detected chrome version (121.0.6167.185); currently, chromedriver 121.0.6167.184 is recommended for chrome 121.*, so it is advised to delete the driver in PATH and retry</msg>
<status status="PASS" starttime="20240222 01:54:49.294" endtime="20240222 01:54:51.188"/>
</kw>
<kw name="Maximize Browser Window" library="SeleniumLibrary">
<doc>Maximizes current browser window.</doc>
<status status="PASS" starttime="20240222 01:54:51.188" endtime="20240222 01:54:51.499"/>
</kw>
<kw name="Go To" library="SeleniumLibrary">
<arg>${url_konnek}</arg>
<doc>Navigates the current browser window to the provided ``url``.</doc>
<msg timestamp="20240222 01:54:51.500" level="INFO">Opening url 'https://wekonnek.id/auth/signin'</msg>
<status status="PASS" starttime="20240222 01:54:51.500" endtime="20240222 01:54:58.406"/>
</kw>
<kw name="Run Keyword And Return Status" library="BuiltIn">
<var>${Reload}</var>
<arg>Page Should Contain Element</arg>
<arg>xpath=/html//div[@id='root']/div/div/div[@class='col']//div[@class='login-wrapper']//form//input[@name='companyId']</arg>
<doc>Runs the given keyword with given arguments and returns the status as a Boolean value.</doc>
<kw name="Page Should Contain Element" library="SeleniumLibrary">
<arg>xpath=/html//div[@id='root']/div/div/div[@class='col']//div[@class='login-wrapper']//form//input[@name='companyId']</arg>
<doc>Verifies that element ``locator`` is found on the current page.</doc>
<msg timestamp="20240222 01:55:00.638" level="INFO" html="true">&lt;/td&gt;&lt;/tr&gt;&lt;tr&gt;&lt;td colspan="3"&gt;&lt;a href="selenium-screenshot-11221.png"&gt;&lt;img src="selenium-screenshot-11221.png" width="800px"&gt;&lt;/a&gt;</msg>
<msg timestamp="20240222 01:55:00.639" level="FAIL">Page should have contained element 'xpath=/html//div[@id='root']/div/div/div[@class='col']//div[@class='login-wrapper']//form//input[@name='companyId']' but did not.</msg>
<status status="FAIL" starttime="20240222 01:54:58.408" endtime="20240222 01:55:00.644"/>
</kw>
<msg timestamp="20240222 01:55:00.646" level="INFO">${Reload} = False</msg>
<status status="PASS" starttime="20240222 01:54:58.407" endtime="20240222 01:55:00.646"/>
</kw>
<while condition="${Reload} != ${TRUE}">
<iter>
<kw name="Run Keyword And Return Status" library="BuiltIn">
<var>${Reload}</var>
<arg>Page Should Contain Element</arg>
<arg>xpath=/html//div[@id='root']/div/div/div[@class='col']//div[@class='login-wrapper']//form//input[@name='companyId']</arg>
<doc>Runs the given keyword with given arguments and returns the status as a Boolean value.</doc>
<kw name="Page Should Contain Element" library="SeleniumLibrary">
<arg>xpath=/html//div[@id='root']/div/div/div[@class='col']//div[@class='login-wrapper']//form//input[@name='companyId']</arg>
<doc>Verifies that element ``locator`` is found on the current page.</doc>
<msg timestamp="20240222 01:55:02.885" level="INFO" html="true">&lt;/td&gt;&lt;/tr&gt;&lt;tr&gt;&lt;td colspan="3"&gt;&lt;a href="selenium-screenshot-11222.png"&gt;&lt;img src="selenium-screenshot-11222.png" width="800px"&gt;&lt;/a&gt;</msg>
<msg timestamp="20240222 01:55:02.885" level="FAIL">Page should have contained element 'xpath=/html//div[@id='root']/div/div/div[@class='col']//div[@class='login-wrapper']//form//input[@name='companyId']' but did not.</msg>
<status status="FAIL" starttime="20240222 01:55:00.649" endtime="20240222 01:55:02.887"/>
</kw>
<msg timestamp="20240222 01:55:02.888" level="INFO">${Reload} = False</msg>
<status status="PASS" starttime="20240222 01:55:00.648" endtime="20240222 01:55:02.888"/>
</kw>
<status status="PASS" starttime="20240222 01:55:00.646" endtime="20240222 01:55:02.889"/>
</iter>
<iter>
<kw name="Run Keyword And Return Status" library="BuiltIn">
<var>${Reload}</var>
<arg>Page Should Contain Element</arg>
<arg>xpath=/html//div[@id='root']/div/div/div[@class='col']//div[@class='login-wrapper']//form//input[@name='companyId']</arg>
<doc>Runs the given keyword with given arguments and returns the status as a Boolean value.</doc>
<kw name="Page Should Contain Element" library="SeleniumLibrary">
<arg>xpath=/html//div[@id='root']/div/div/div[@class='col']//div[@class='login-wrapper']//form//input[@name='companyId']</arg>
<doc>Verifies that element ``locator`` is found on the current page.</doc>
<msg timestamp="20240222 01:55:05.011" level="INFO" html="true">&lt;/td&gt;&lt;/tr&gt;&lt;tr&gt;&lt;td colspan="3"&gt;&lt;a href="selenium-screenshot-11223.png"&gt;&lt;img src="selenium-screenshot-11223.png" width="800px"&gt;&lt;/a&gt;</msg>
<msg timestamp="20240222 01:55:05.011" level="FAIL">Page should have contained element 'xpath=/html//div[@id='root']/div/div/div[@class='col']//div[@class='login-wrapper']//form//input[@name='companyId']' but did not.</msg>
<status status="FAIL" starttime="20240222 01:55:02.891" endtime="20240222 01:55:05.013"/>
</kw>
<msg timestamp="20240222 01:55:05.014" level="INFO">${Reload} = False</msg>
<status status="PASS" starttime="20240222 01:55:02.890" endtime="20240222 01:55:05.014"/>
</kw>
<status status="PASS" starttime="20240222 01:55:02.889" endtime="20240222 01:55:05.014"/>
</iter>
<iter>
<kw name="Run Keyword And Return Status" library="BuiltIn">
<var>${Reload}</var>
<arg>Page Should Contain Element</arg>
<arg>xpath=/html//div[@id='root']/div/div/div[@class='col']//div[@class='login-wrapper']//form//input[@name='companyId']</arg>
<doc>Runs the given keyword with given arguments and returns the status as a Boolean value.</doc>
<kw name="Page Should Contain Element" library="SeleniumLibrary">
<arg>xpath=/html//div[@id='root']/div/div/div[@class='col']//div[@class='login-wrapper']//form//input[@name='companyId']</arg>
<doc>Verifies that element ``locator`` is found on the current page.</doc>
<msg timestamp="20240222 01:55:07.171" level="INFO" html="true">&lt;/td&gt;&lt;/tr&gt;&lt;tr&gt;&lt;td colspan="3"&gt;&lt;a href="selenium-screenshot-11224.png"&gt;&lt;img src="selenium-screenshot-11224.png" width="800px"&gt;&lt;/a&gt;</msg>
<msg timestamp="20240222 01:55:07.172" level="FAIL">Page should have contained element 'xpath=/html//div[@id='root']/div/div/div[@class='col']//div[@class='login-wrapper']//form//input[@name='companyId']' but did not.</msg>
<status status="FAIL" starttime="20240222 01:55:05.019" endtime="20240222 01:55:07.173"/>
</kw>
<msg timestamp="20240222 01:55:07.174" level="INFO">${Reload} = False</msg>
<status status="PASS" starttime="20240222 01:55:05.018" endtime="20240222 01:55:07.174"/>
</kw>
<status status="PASS" starttime="20240222 01:55:05.018" endtime="20240222 01:55:07.174"/>
</iter>
<iter>
<kw name="Run Keyword And Return Status" library="BuiltIn">
<var>${Reload}</var>
<arg>Page Should Contain Element</arg>
<arg>xpath=/html//div[@id='root']/div/div/div[@class='col']//div[@class='login-wrapper']//form//input[@name='companyId']</arg>
<doc>Runs the given keyword with given arguments and returns the status as a Boolean value.</doc>
<kw name="Page Should Contain Element" library="SeleniumLibrary">
<arg>xpath=/html//div[@id='root']/div/div/div[@class='col']//div[@class='login-wrapper']//form//input[@name='companyId']</arg>
<doc>Verifies that element ``locator`` is found on the current page.</doc>
<msg timestamp="20240222 01:55:09.221" level="INFO" html="true">&lt;/td&gt;&lt;/tr&gt;&lt;tr&gt;&lt;td colspan="3"&gt;&lt;a href="selenium-screenshot-11225.png"&gt;&lt;img src="selenium-screenshot-11225.png" width="800px"&gt;&lt;/a&gt;</msg>
<msg timestamp="20240222 01:55:09.221" level="FAIL">Page should have contained element 'xpath=/html//div[@id='root']/div/div/div[@class='col']//div[@class='login-wrapper']//form//input[@name='companyId']' but did not.</msg>
<status status="FAIL" starttime="20240222 01:55:07.176" endtime="20240222 01:55:09.223"/>
</kw>
<msg timestamp="20240222 01:55:09.224" level="INFO">${Reload} = False</msg>
<status status="PASS" starttime="20240222 01:55:07.175" endtime="20240222 01:55:09.224"/>
</kw>
<status status="PASS" starttime="20240222 01:55:07.175" endtime="20240222 01:55:09.225"/>
</iter>
<iter>
<kw name="Run Keyword And Return Status" library="BuiltIn">
<var>${Reload}</var>
<arg>Page Should Contain Element</arg>
<arg>xpath=/html//div[@id='root']/div/div/div[@class='col']//div[@class='login-wrapper']//form//input[@name='companyId']</arg>
<doc>Runs the given keyword with given arguments and returns the status as a Boolean value.</doc>
<kw name="Page Should Contain Element" library="SeleniumLibrary">
<arg>xpath=/html//div[@id='root']/div/div/div[@class='col']//div[@class='login-wrapper']//form//input[@name='companyId']</arg>
<doc>Verifies that element ``locator`` is found on the current page.</doc>
<msg timestamp="20240222 01:55:11.389" level="INFO" html="true">&lt;/td&gt;&lt;/tr&gt;&lt;tr&gt;&lt;td colspan="3"&gt;&lt;a href="selenium-screenshot-11226.png"&gt;&lt;img src="selenium-screenshot-11226.png" width="800px"&gt;&lt;/a&gt;</msg>
<msg timestamp="20240222 01:55:11.389" level="FAIL">Page should have contained element 'xpath=/html//div[@id='root']/div/div/div[@class='col']//div[@class='login-wrapper']//form//input[@name='companyId']' but did not.</msg>
<status status="FAIL" starttime="20240222 01:55:09.227" endtime="20240222 01:55:11.391"/>
</kw>
<msg timestamp="20240222 01:55:11.392" level="INFO">${Reload} = False</msg>
<status status="PASS" starttime="20240222 01:55:09.226" endtime="20240222 01:55:11.392"/>
</kw>
<status status="PASS" starttime="20240222 01:55:09.225" endtime="20240222 01:55:11.392"/>
</iter>
<iter>
<kw name="Run Keyword And Return Status" library="BuiltIn">
<var>${Reload}</var>
<arg>Page Should Contain Element</arg>
<arg>xpath=/html//div[@id='root']/div/div/div[@class='col']//div[@class='login-wrapper']//form//input[@name='companyId']</arg>
<doc>Runs the given keyword with given arguments and returns the status as a Boolean value.</doc>
<kw name="Page Should Contain Element" library="SeleniumLibrary">
<arg>xpath=/html//div[@id='root']/div/div/div[@class='col']//div[@class='login-wrapper']//form//input[@name='companyId']</arg>
<doc>Verifies that element ``locator`` is found on the current page.</doc>
<msg timestamp="20240222 01:55:11.608" level="INFO">Current page contains element 'xpath=/html//div[@id='root']/div/div/div[@class='col']//div[@class='login-wrapper']//form//input[@name='companyId']'.</msg>
<status status="PASS" starttime="20240222 01:55:11.394" endtime="20240222 01:55:11.608"/>
</kw>
<msg timestamp="20240222 01:55:11.609" level="INFO">${Reload} = True</msg>
<status status="PASS" starttime="20240222 01:55:11.394" endtime="20240222 01:55:11.609"/>
</kw>
<status status="PASS" starttime="20240222 01:55:11.393" endtime="20240222 01:55:11.609"/>
</iter>
<status status="PASS" starttime="20240222 01:55:00.646" endtime="20240222 01:55:11.610"/>
</while>
<status status="PASS" starttime="20240222 01:54:49.294" endtime="20240222 01:55:11.610"/>
</kw>
<kw name="Input Company ID, Email dan password Admin" library="step">
<kw name="Input Text" library="SeleniumLibrary">
<arg>${company_id}</arg>
<arg>${company_id_spv_konnek}</arg>
<doc>Types the given ``text`` into the text field identified by ``locator``.</doc>
<msg timestamp="20240222 01:55:11.613" level="INFO">Typing text 'bcadigitaldemo' into text field 'xpath=/html//div[@id='root']/div/div/div[@class='col']//div[@class='login-wrapper']//form//input[@name='companyId']'.</msg>
<status status="PASS" starttime="20240222 01:55:11.612" endtime="20240222 01:55:12.536"/>
</kw>
<kw name="Input Text" library="SeleniumLibrary">
<arg>${email_konnek}</arg>
<arg>${emails_admin_konnek}</arg>
<doc>Types the given ``text`` into the text field identified by ``locator``.</doc>
<msg timestamp="20240222 01:55:12.538" level="INFO">Typing text 'Qatestkonnek1@gmail.com' into text field 'xpath=/html//div[@id='root']/div/div/div[@class='col']//div[@class='login-wrapper']//form//input[@name='username']'.</msg>
<status status="PASS" starttime="20240222 01:55:12.536" endtime="20240222 01:55:13.273"/>
</kw>
<kw name="Input Password" library="SeleniumLibrary">
<arg>${password_konnek}</arg>
<arg>${password_admin_konnek}</arg>
<doc>Types the given password into the text field identified by ``locator``.</doc>
<msg timestamp="20240222 01:55:13.276" level="INFO">Typing password into text field 'xpath=/html//div[@id='root']/div/div/div[@class='col']//div[@class='login-wrapper']//form//input[@name='password']'.</msg>
<msg timestamp="20240222 01:55:13.729" level="INFO">Temporally setting log level to: NONE</msg>
<msg timestamp="20240222 01:55:14.001" level="INFO">Log level changed from NONE to INFO.</msg>
<status status="PASS" starttime="20240222 01:55:13.274" endtime="20240222 01:55:14.001"/>
</kw>
<kw name="Capture Page Screenshot" library="SeleniumLibrary">
<doc>Takes a screenshot of the current page and embeds it into a log file.</doc>
<msg timestamp="20240222 01:55:15.678" level="INFO" html="true">&lt;/td&gt;&lt;/tr&gt;&lt;tr&gt;&lt;td colspan="3"&gt;&lt;a href="selenium-screenshot-11227.png"&gt;&lt;img src="selenium-screenshot-11227.png" width="800px"&gt;&lt;/a&gt;</msg>
<status status="PASS" starttime="20240222 01:55:14.002" endtime="20240222 01:55:15.679"/>
</kw>
<status status="PASS" starttime="20240222 01:55:11.611" endtime="20240222 01:55:15.679"/>
</kw>
<kw name="Klik Button Login Admin QA Konnek" library="step">
<kw name="Click Element" library="SeleniumLibrary">
<arg>xpath=/html//div[@id='root']/div/div/div[@class='col']//div[@class='login-wrapper']//form//button[@type='primary']</arg>
<doc>Click the element identified by ``locator``.</doc>
<msg timestamp="20240222 01:55:15.690" level="INFO">Clicking element 'xpath=/html//div[@id='root']/div/div/div[@class='col']//div[@class='login-wrapper']//form//button[@type='primary']'.</msg>
<status status="PASS" starttime="20240222 01:55:15.688" endtime="20240222 01:55:16.187"/>
</kw>
<kw name="Capture Page Screenshot" library="SeleniumLibrary">
<doc>Takes a screenshot of the current page and embeds it into a log file.</doc>
<msg timestamp="20240222 01:55:17.925" level="INFO" html="true">&lt;/td&gt;&lt;/tr&gt;&lt;tr&gt;&lt;td colspan="3"&gt;&lt;a href="selenium-screenshot-11228.png"&gt;&lt;img src="selenium-screenshot-11228.png" width="800px"&gt;&lt;/a&gt;</msg>
<status status="PASS" starttime="20240222 01:55:16.188" endtime="20240222 01:55:17.926"/>
</kw>
<status status="PASS" starttime="20240222 01:55:15.686" endtime="20240222 01:55:17.926"/>
</kw>
<kw name="Klik Menu Settings Admin We Konnek" library="step">
<kw name="Wait Until Page Contains" library="SeleniumLibrary">
<arg>Channel</arg>
<doc>Waits until ``text`` appears on the current page.</doc>
<status status="PASS" starttime="20240222 01:55:17.928" endtime="20240222 01:55:18.182"/>
</kw>
<kw name="Capture Page Screenshot" library="SeleniumLibrary">
<doc>Takes a screenshot of the current page and embeds it into a log file.</doc>
<msg timestamp="20240222 01:55:19.692" level="INFO" html="true">&lt;/td&gt;&lt;/tr&gt;&lt;tr&gt;&lt;td colspan="3"&gt;&lt;a href="selenium-screenshot-11229.png"&gt;&lt;img src="selenium-screenshot-11229.png" width="800px"&gt;&lt;/a&gt;</msg>
<status status="PASS" starttime="20240222 01:55:18.182" endtime="20240222 01:55:19.693"/>
</kw>
<status status="PASS" starttime="20240222 01:55:17.927" endtime="20240222 01:55:19.693"/>
</kw>
<kw name="Klik Menu User Admin We Konnek" library="step">
<kw name="Click Element" library="SeleniumLibrary">
<arg>xpath=//div[@id='root']//div[@class='ant-layout-sider-children']/ul[@role='menu']/li[@role='none']/ul[@role='menu']/li[1]//a[@href='/setting/users']</arg>
<doc>Click the element identified by ``locator``.</doc>
<msg timestamp="20240222 01:55:19.697" level="INFO">Clicking element 'xpath=//div[@id='root']//div[@class='ant-layout-sider-children']/ul[@role='menu']/li[@role='none']/ul[@role='menu']/li[1]//a[@href='/setting/users']'.</msg>
<status status="PASS" starttime="20240222 01:55:19.696" endtime="20240222 01:55:20.361"/>
</kw>
<kw name="Run Keyword And Return Status" library="BuiltIn">
<var>${Reload}</var>
<arg>Page Should Contain Element</arg>
<arg>xpath=/html//div[@id='yield']/section[@class='ant-layout']/section/main[@class='ant-layout-content site-layout-background']/div//input[@name='search_agent']</arg>
<doc>Runs the given keyword with given arguments and returns the status as a Boolean value.</doc>
<kw name="Page Should Contain Element" library="SeleniumLibrary">
<arg>xpath=/html//div[@id='yield']/section[@class='ant-layout']/section/main[@class='ant-layout-content site-layout-background']/div//input[@name='search_agent']</arg>
<doc>Verifies that element ``locator`` is found on the current page.</doc>
<msg timestamp="20240222 01:55:22.889" level="INFO" html="true">&lt;/td&gt;&lt;/tr&gt;&lt;tr&gt;&lt;td colspan="3"&gt;&lt;a href="selenium-screenshot-11230.png"&gt;&lt;img src="selenium-screenshot-11230.png" width="800px"&gt;&lt;/a&gt;</msg>
<msg timestamp="20240222 01:55:22.890" level="FAIL">Page should have contained element 'xpath=/html//div[@id='yield']/section[@class='ant-layout']/section/main[@class='ant-layout-content site-layout-background']/div//input[@name='search_agent']' but did not.</msg>
<status status="FAIL" starttime="20240222 01:55:20.362" endtime="20240222 01:55:22.892"/>
</kw>
<msg timestamp="20240222 01:55:22.892" level="INFO">${Reload} = False</msg>
<status status="PASS" starttime="20240222 01:55:20.361" endtime="20240222 01:55:22.893"/>
</kw>
<while condition="${Reload} != ${TRUE}">
<iter>
<kw name="Run Keyword And Return Status" library="BuiltIn">
<var>${Reload}</var>
<arg>Page Should Contain Element</arg>
<arg>xpath=/html//div[@id='yield']/section[@class='ant-layout']/section/main[@class='ant-layout-content site-layout-background']/div//input[@name='search_agent']</arg>
<doc>Runs the given keyword with given arguments and returns the status as a Boolean value.</doc>
<kw name="Page Should Contain Element" library="SeleniumLibrary">
<arg>xpath=/html//div[@id='yield']/section[@class='ant-layout']/section/main[@class='ant-layout-content site-layout-background']/div//input[@name='search_agent']</arg>
<doc>Verifies that element ``locator`` is found on the current page.</doc>
<msg timestamp="20240222 01:55:23.112" level="INFO">Current page contains element 'xpath=/html//div[@id='yield']/section[@class='ant-layout']/section/main[@class='ant-layout-content site-layout-background']/div//input[@name='search_agent']'.</msg>
<status status="PASS" starttime="20240222 01:55:22.895" endtime="20240222 01:55:23.112"/>
</kw>
<msg timestamp="20240222 01:55:23.112" level="INFO">${Reload} = True</msg>
<status status="PASS" starttime="20240222 01:55:22.894" endtime="20240222 01:55:23.113"/>
</kw>
<status status="PASS" starttime="20240222 01:55:22.893" endtime="20240222 01:55:23.113"/>
</iter>
<status status="PASS" starttime="20240222 01:55:22.893" endtime="20240222 01:55:23.113"/>
</while>
<kw name="Capture Page Screenshot" library="SeleniumLibrary">
<doc>Takes a screenshot of the current page and embeds it into a log file.</doc>
<msg timestamp="20240222 01:55:24.714" level="INFO" html="true">&lt;/td&gt;&lt;/tr&gt;&lt;tr&gt;&lt;td colspan="3"&gt;&lt;a href="selenium-screenshot-11231.png"&gt;&lt;img src="selenium-screenshot-11231.png" width="800px"&gt;&lt;/a&gt;</msg>
<status status="PASS" starttime="20240222 01:55:23.114" endtime="20240222 01:55:24.715"/>
</kw>
<status status="PASS" starttime="20240222 01:55:19.695" endtime="20240222 01:55:24.716"/>
</kw>
<kw name="Klik Hover Role User Agent We Konnek" library="step">
<kw name="Click Element" library="SeleniumLibrary">
<arg>xpath=//div[@id='yield']/section[@class='ant-layout']/section/main[@class='ant-layout-content site-layout-background']/div//div[@role='tablist']/div[2]/a[@role='tab']</arg>
<doc>Click the element identified by ``locator``.</doc>
<msg timestamp="20240222 01:55:24.721" level="INFO">Clicking element 'xpath=//div[@id='yield']/section[@class='ant-layout']/section/main[@class='ant-layout-content site-layout-background']/div//div[@role='tablist']/div[2]/a[@role='tab']'.</msg>
<status status="PASS" starttime="20240222 01:55:24.718" endtime="20240222 01:55:25.297"/>
</kw>
<kw name="Run Keyword And Return Status" library="BuiltIn">
<var>${Reload}</var>
<arg>Page Should Contain Element</arg>
<arg>xpath=//div[@id='yield']/section[@class='ant-layout']/section/main[@class='ant-layout-content site-layout-background']//a[@href='/setting/users/role/new']</arg>
<doc>Runs the given keyword with given arguments and returns the status as a Boolean value.</doc>
<kw name="Page Should Contain Element" library="SeleniumLibrary">
<arg>xpath=//div[@id='yield']/section[@class='ant-layout']/section/main[@class='ant-layout-content site-layout-background']//a[@href='/setting/users/role/new']</arg>
<doc>Verifies that element ``locator`` is found on the current page.</doc>
<msg timestamp="20240222 01:55:25.515" level="INFO">Current page contains element 'xpath=//div[@id='yield']/section[@class='ant-layout']/section/main[@class='ant-layout-content site-layout-background']//a[@href='/setting/users/role/new']'.</msg>
<status status="PASS" starttime="20240222 01:55:25.299" endtime="20240222 01:55:25.515"/>
</kw>
<msg timestamp="20240222 01:55:25.516" level="INFO">${Reload} = True</msg>
<status status="PASS" starttime="20240222 01:55:25.298" endtime="20240222 01:55:25.516"/>
</kw>
<while condition="${Reload} != ${TRUE}">
<iter>
<kw name="Run Keyword And Return Status" library="BuiltIn">
<var>${Reload}</var>
<arg>Page Should Contain Element</arg>
<arg>xpath=/html//div[@id='yield']/section[@class='ant-layout']/section/main[@class='ant-layout-content site-layout-background']//a[@href='/setting/users/role/new']</arg>
<doc>Runs the given keyword with given arguments and returns the status as a Boolean value.</doc>
<status status="NOT RUN" starttime="20240222 01:55:25.517" endtime="20240222 01:55:25.518"/>
</kw>
<status status="NOT RUN" starttime="20240222 01:55:25.516" endtime="20240222 01:55:25.518"/>
</iter>
<status status="NOT RUN" starttime="20240222 01:55:25.516" endtime="20240222 01:55:25.519"/>
</while>
<kw name="Capture Page Screenshot" library="SeleniumLibrary">
<doc>Takes a screenshot of the current page and embeds it into a log file.</doc>
<msg timestamp="20240222 01:55:27.182" level="INFO" html="true">&lt;/td&gt;&lt;/tr&gt;&lt;tr&gt;&lt;td colspan="3"&gt;&lt;a href="selenium-screenshot-11232.png"&gt;&lt;img src="selenium-screenshot-11232.png" width="800px"&gt;&lt;/a&gt;</msg>
<status status="PASS" starttime="20240222 01:55:25.519" endtime="20240222 01:55:27.183"/>
</kw>
<status status="PASS" starttime="20240222 01:55:24.718" endtime="20240222 01:55:27.183"/>
</kw>
<kw name="Klik Button Edit Role Agent We Konnek" library="step">
<kw name="Click Element" library="SeleniumLibrary">
<arg>xpath=/html//table[@id='table']//a[@href='/setting/users/role/edit/eabd61f6-691e-4b5f-a24b-9f07af3db20e']</arg>
<doc>Click the element identified by ``locator``.</doc>
<msg timestamp="20240222 01:55:27.188" level="INFO">Clicking element 'xpath=/html//table[@id='table']//a[@href='/setting/users/role/edit/eabd61f6-691e-4b5f-a24b-9f07af3db20e']'.</msg>
<status status="PASS" starttime="20240222 01:55:27.186" endtime="20240222 01:55:27.743"/>
</kw>
<kw name="Execute Javascript" library="SeleniumLibrary">
<arg>window.scrollTo(0,800)</arg>
<doc>Executes the given JavaScript code with possible arguments.</doc>
<msg timestamp="20240222 01:55:27.744" level="INFO">Executing JavaScript:
window.scrollTo(0,800)
Without any arguments.</msg>
<status status="PASS" starttime="20240222 01:55:27.743" endtime="20240222 01:55:27.959"/>
</kw>
<kw name="Capture Page Screenshot" library="SeleniumLibrary">
<doc>Takes a screenshot of the current page and embeds it into a log file.</doc>
<msg timestamp="20240222 01:55:29.613" level="INFO" html="true">&lt;/td&gt;&lt;/tr&gt;&lt;tr&gt;&lt;td colspan="3"&gt;&lt;a href="selenium-screenshot-11233.png"&gt;&lt;img src="selenium-screenshot-11233.png" width="800px"&gt;&lt;/a&gt;</msg>
<status status="PASS" starttime="20240222 01:55:27.959" endtime="20240222 01:55:29.614"/>
</kw>
<status status="PASS" starttime="20240222 01:55:27.185" endtime="20240222 01:55:29.614"/>
</kw>
<kw name="Klik Button Inactive Status Role Agent We Konnek" library="step">
<kw name="Click Element" library="SeleniumLibrary">
<arg>xpath=/html//div[@id='yield']/section[@class='ant-layout']/section/main[@class='ant-layout-content site-layout-background']/div//div[@class='card-body']/table[2]//div[@class='ant-radio-group ant-radio-group-outline']//input[@value='false']</arg>
<doc>Click the element identified by ``locator``.</doc>
<msg timestamp="20240222 01:55:29.632" level="INFO">Clicking element 'xpath=/html//div[@id='yield']/section[@class='ant-layout']/section/main[@class='ant-layout-content site-layout-background']/div//div[@class='card-body']/table[2]//div[@class='ant-radio-group ant-radio-group-outline']//input[@value='false']'.</msg>
<status status="PASS" starttime="20240222 01:55:29.631" endtime="20240222 01:55:30.230"/>
</kw>
<kw name="Capture Page Screenshot" library="SeleniumLibrary">
<doc>Takes a screenshot of the current page and embeds it into a log file.</doc>
<msg timestamp="20240222 01:55:31.863" level="INFO" html="true">&lt;/td&gt;&lt;/tr&gt;&lt;tr&gt;&lt;td colspan="3"&gt;&lt;a href="selenium-screenshot-11234.png"&gt;&lt;img src="selenium-screenshot-11234.png" width="800px"&gt;&lt;/a&gt;</msg>
<status status="PASS" starttime="20240222 01:55:30.231" endtime="20240222 01:55:31.863"/>
</kw>
<status status="PASS" starttime="20240222 01:55:29.630" endtime="20240222 01:55:31.864"/>
</kw>
<kw name="Klik Button Save Role Agent We Konnek" library="step">
<kw name="Click Element" library="SeleniumLibrary">
<arg>xpath=/html//div[@id='yield']/section[@class='ant-layout']/section/main/div//button[@class='btn btn-apply btn-lg ml-4']</arg>
<doc>Click the element identified by ``locator``.</doc>
<msg timestamp="20240222 01:55:31.868" level="INFO">Clicking element 'xpath=/html//div[@id='yield']/section[@class='ant-layout']/section/main/div//button[@class='btn btn-apply btn-lg ml-4']'.</msg>
<status status="PASS" starttime="20240222 01:55:31.867" endtime="20240222 01:55:32.397"/>
</kw>
<kw name="Capture Page Screenshot" library="SeleniumLibrary">
<doc>Takes a screenshot of the current page and embeds it into a log file.</doc>
<msg timestamp="20240222 01:55:34.036" level="INFO" html="true">&lt;/td&gt;&lt;/tr&gt;&lt;tr&gt;&lt;td colspan="3"&gt;&lt;a href="selenium-screenshot-11235.png"&gt;&lt;img src="selenium-screenshot-11235.png" width="800px"&gt;&lt;/a&gt;</msg>
<status status="PASS" starttime="20240222 01:55:32.398" endtime="20240222 01:55:34.038"/>
</kw>
<status status="PASS" starttime="20240222 01:55:31.866" endtime="20240222 01:55:34.038"/>
</kw>
<kw name="Close Browser" library="SeleniumLibrary">
<doc>Closes the current browser.</doc>
<status status="PASS" starttime="20240222 01:55:34.040" endtime="20240222 01:55:36.379"/>
</kw>
<status status="PASS" starttime="20240222 01:54:49.293" endtime="20240222 01:55:36.381"/>
</test>
<status status="PASS" starttime="20240222 01:54:49.012" endtime="20240222 01:55:36.390"/>
</suite>
<statistics>
<total>
<stat pass="1" fail="0" skip="0">All Tests</stat>
</total>
<tag>
</tag>
<suite>
<stat pass="1" fail="0" skip="0" id="s1" name="Admin Konnek">Admin Konnek</stat>
</suite>
</statistics>
<errors>
<msg timestamp="20240222 01:54:49.890" level="WARN">The chromedriver version (120.0.6099.71) detected in PATH at C:\Users\Sprint User\AppData\Local\Programs\Python\Python312\Scripts\chromedriver.exe might not be compatible with the detected chrome version (121.0.6167.185); currently, chromedriver 121.0.6167.184 is recommended for chrome 121.*, so it is advised to delete the driver in PATH and retry</msg>
</errors>
</robot>
